<?xml version="1.0" encoding="UTF-8"?>
<!-- Generated by org.testng.reporters.JUnitReportReporter -->
<testsuite skipped="0" hostname="IN01N02499" name="com.karthik.MyTesting" tests="3" failures="0" timestamp="2021-02-11T18:58:03 IST" time="0.010" errors="0">
  <testcase name="test2" time="0.000" classname="com.karthik.MyTesting"/>
  <system-out/>
  <testcase name="test1" time="0.010" classname="com.karthik.MyTesting"/>
  <system-out/>
  <testcase name="test3" time="0.000" classname="com.karthik.MyTesting"/>
  <system-out/>
</testsuite> <!-- com.karthik.MyTesting -->
